  [1m[35m (1090.0ms)[0m  [1m[35mCREATE DATABASE "NBAFantasyDraft_development" ENCODING = 'unicode'[0m
  ↳ /Users/milespucarelli/.rvm/gems/ruby-2.5.3/bin/rake:23
  [1m[35m (853.5ms)[0m  [1m[35mCREATE DATABASE "NBAFantasyDraft_test" ENCODING = 'unicode'[0m
  ↳ /Users/milespucarelli/.rvm/gems/ruby-2.5.3/bin/rake:23
  [1m[35m (10.4ms)[0m  [1m[35mCREATE TABLE "schema_migrations" ("version" character varying NOT NULL PRIMARY KEY)[0m
  ↳ /Users/milespucarelli/.rvm/gems/ruby-2.5.3/bin/rake:23
  [1m[35m (9.1ms)[0m  [1m[35mCREATE TABLE "ar_internal_metadata" ("key" character varying NOT NULL PRIMARY KEY, "value" character varying, "created_at" timestamp NOT NULL, "updated_at" timestamp NOT NULL)[0m
  ↳ /Users/milespucarelli/.rvm/gems/ruby-2.5.3/bin/rake:23
  [1m[35m (0.2ms)[0m  [1m[34mSELECT pg_try_advisory_lock(4097442400209998070)[0m
  ↳ /Users/milespucarelli/.rvm/gems/ruby-2.5.3/bin/rake:23
  [1m[35m (0.4ms)[0m  [1m[34mSELECT "schema_migrations"."version" FROM "schema_migrations" ORDER BY "schema_migrations"."version" ASC[0m
  ↳ /Users/milespucarelli/.rvm/gems/ruby-2.5.3/bin/rake:23
Migrating to CreatePlayers (20190118205751)
  [1m[35m (0.2ms)[0m  [1m[35mBEGIN[0m
  ↳ /Users/milespucarelli/.rvm/gems/ruby-2.5.3/bin/rake:23
  [1m[35m (9.9ms)[0m  [1m[35mCREATE TABLE "players" ("id" bigserial primary key, "name" character varying, "nba_team" character varying, "jersey_number" integer, "created_at" timestamp NOT NULL, "updated_at" timestamp NOT NULL)[0m
  ↳ db/migrate/20190118205751_create_players.rb:3
  [1m[36mActiveRecord::SchemaMigration Create (0.4ms)[0m  [1m[32mINSERT INTO "schema_migrations" ("version") VALUES ($1) RETURNING "version"[0m  [["version", "20190118205751"]]
  ↳ /Users/milespucarelli/.rvm/gems/ruby-2.5.3/bin/rake:23
  [1m[35m (0.3ms)[0m  [1m[35mCOMMIT[0m
  ↳ /Users/milespucarelli/.rvm/gems/ruby-2.5.3/bin/rake:23
Migrating to CreateTeams (20190118210248)
  [1m[35m (3.3ms)[0m  [1m[35mBEGIN[0m
  ↳ /Users/milespucarelli/.rvm/gems/ruby-2.5.3/bin/rake:23
  [1m[35m (8.3ms)[0m  [1m[35mCREATE TABLE "teams" ("id" bigserial primary key, "name" character varying, "hometown" character varying, "created_at" timestamp NOT NULL, "updated_at" timestamp NOT NULL)[0m
  ↳ db/migrate/20190118210248_create_teams.rb:3
  [1m[36mActiveRecord::SchemaMigration Create (0.3ms)[0m  [1m[32mINSERT INTO "schema_migrations" ("version") VALUES ($1) RETURNING "version"[0m  [["version", "20190118210248"]]
  ↳ /Users/milespucarelli/.rvm/gems/ruby-2.5.3/bin/rake:23
  [1m[35m (0.3ms)[0m  [1m[35mCOMMIT[0m
  ↳ /Users/milespucarelli/.rvm/gems/ruby-2.5.3/bin/rake:23
Migrating to CreateDrafts (20190118210450)
  [1m[35m (2.8ms)[0m  [1m[35mBEGIN[0m
  ↳ /Users/milespucarelli/.rvm/gems/ruby-2.5.3/bin/rake:23
  [1m[35m (4.4ms)[0m  [1m[35mCREATE TABLE "drafts" ("id" bigserial primary key, "player_id" integer, "team_id" integer, "created_at" timestamp NOT NULL, "updated_at" timestamp NOT NULL)[0m
  ↳ db/migrate/20190118210450_create_drafts.rb:3
  [1m[36mActiveRecord::SchemaMigration Create (0.2ms)[0m  [1m[32mINSERT INTO "schema_migrations" ("version") VALUES ($1) RETURNING "version"[0m  [["version", "20190118210450"]]
  ↳ /Users/milespucarelli/.rvm/gems/ruby-2.5.3/bin/rake:23
  [1m[35m (0.3ms)[0m  [1m[35mCOMMIT[0m
  ↳ /Users/milespucarelli/.rvm/gems/ruby-2.5.3/bin/rake:23
  [1m[36mActiveRecord::InternalMetadata Load (0.4ms)[0m  [1m[34mSELECT  "ar_internal_metadata".* FROM "ar_internal_metadata" WHERE "ar_internal_metadata"."key" = $1 LIMIT $2[0m  [["key", "environment"], ["LIMIT", 1]]
  ↳ /Users/milespucarelli/.rvm/gems/ruby-2.5.3/bin/rake:23
  [1m[35m (0.2ms)[0m  [1m[35mBEGIN[0m
  ↳ /Users/milespucarelli/.rvm/gems/ruby-2.5.3/bin/rake:23
  [1m[36mActiveRecord::InternalMetadata Create (0.4ms)[0m  [1m[32mINSERT INTO "ar_internal_metadata" ("key", "value", "created_at", "updated_at") VALUES ($1, $2, $3, $4) RETURNING "key"[0m  [["key", "environment"], ["value", "development"], ["created_at", "2019-01-21 03:05:46.297474"], ["updated_at", "2019-01-21 03:05:46.297474"]]
  ↳ /Users/milespucarelli/.rvm/gems/ruby-2.5.3/bin/rake:23
  [1m[35m (1.0ms)[0m  [1m[35mCOMMIT[0m
  ↳ /Users/milespucarelli/.rvm/gems/ruby-2.5.3/bin/rake:23
  [1m[35m (0.2ms)[0m  [1m[34mSELECT pg_advisory_unlock(4097442400209998070)[0m
  ↳ /Users/milespucarelli/.rvm/gems/ruby-2.5.3/bin/rake:23
  [1m[35m (0.3ms)[0m  [1m[34mSELECT "schema_migrations"."version" FROM "schema_migrations" ORDER BY "schema_migrations"."version" ASC[0m
  ↳ /Users/milespucarelli/.rvm/gems/ruby-2.5.3/bin/rake:23
Started GET "/heros" for 127.0.0.1 at 2019-01-20 22:06:04 -0500
  [1m[35m (0.4ms)[0m  [1m[34mSELECT "schema_migrations"."version" FROM "schema_migrations" ORDER BY "schema_migrations"."version" ASC[0m
  ↳ /Users/milespucarelli/.rvm/gems/ruby-2.5.3/gems/activerecord-5.2.2/lib/active_record/log_subscriber.rb:98
  
ActionController::RoutingError (No route matches [GET] "/heros"):
  
actionpack (5.2.2) lib/action_dispatch/middleware/debug_exceptions.rb:65:in `call'
web-console (3.7.0) lib/web_console/middleware.rb:135:in `call_app'
web-console (3.7.0) lib/web_console/middleware.rb:30:in `block in call'
web-console (3.7.0) lib/web_console/middleware.rb:20:in `catch'
web-console (3.7.0) lib/web_console/middleware.rb:20:in `call'
actionpack (5.2.2) lib/action_dispatch/middleware/show_exceptions.rb:33:in `call'
railties (5.2.2) lib/rails/rack/logger.rb:38:in `call_app'
railties (5.2.2) lib/rails/rack/logger.rb:26:in `block in call'
activesupport (5.2.2) lib/active_support/tagged_logging.rb:71:in `block in tagged'
activesupport (5.2.2) lib/active_support/tagged_logging.rb:28:in `tagged'
activesupport (5.2.2) lib/active_support/tagged_logging.rb:71:in `tagged'
railties (5.2.2) lib/rails/rack/logger.rb:26:in `call'
sprockets-rails (3.2.1) lib/sprockets/rails/quiet_assets.rb:13:in `call'
actionpack (5.2.2) lib/action_dispatch/middleware/remote_ip.rb:81:in `call'
actionpack (5.2.2) lib/action_dispatch/middleware/request_id.rb:27:in `call'
rack (2.0.6) lib/rack/method_override.rb:22:in `call'
rack (2.0.6) lib/rack/runtime.rb:22:in `call'
activesupport (5.2.2) lib/active_support/cache/strategy/local_cache_middleware.rb:29:in `call'
actionpack (5.2.2) lib/action_dispatch/middleware/executor.rb:14:in `call'
actionpack (5.2.2) lib/action_dispatch/middleware/static.rb:127:in `call'
rack (2.0.6) lib/rack/sendfile.rb:111:in `call'
railties (5.2.2) lib/rails/engine.rb:524:in `call'
puma (3.12.0) lib/puma/configuration.rb:225:in `call'
puma (3.12.0) lib/puma/server.rb:658:in `handle_request'
puma (3.12.0) lib/puma/server.rb:472:in `process_client'
puma (3.12.0) lib/puma/server.rb:332:in `block in run'
puma (3.12.0) lib/puma/thread_pool.rb:133:in `block in spawn_thread'
Started GET "/players" for 127.0.0.1 at 2019-01-20 22:06:10 -0500
  
ActionController::RoutingError (uninitialized constant PlayersController):
  
bootsnap (1.3.2) lib/bootsnap/load_path_cache/core_ext/active_support.rb:74:in `block in load_missing_constant'
bootsnap (1.3.2) lib/bootsnap/load_path_cache/core_ext/active_support.rb:8:in `without_bootsnap_cache'
bootsnap (1.3.2) lib/bootsnap/load_path_cache/core_ext/active_support.rb:74:in `rescue in load_missing_constant'
bootsnap (1.3.2) lib/bootsnap/load_path_cache/core_ext/active_support.rb:56:in `load_missing_constant'
activesupport (5.2.2) lib/active_support/inflector/methods.rb:283:in `const_get'
activesupport (5.2.2) lib/active_support/inflector/methods.rb:283:in `block in constantize'
activesupport (5.2.2) lib/active_support/inflector/methods.rb:281:in `each'
activesupport (5.2.2) lib/active_support/inflector/methods.rb:281:in `inject'
activesupport (5.2.2) lib/active_support/inflector/methods.rb:281:in `constantize'
actionpack (5.2.2) lib/action_dispatch/http/request.rb:88:in `controller_class_for'
actionpack (5.2.2) lib/action_dispatch/http/request.rb:81:in `controller_class'
actionpack (5.2.2) lib/action_dispatch/routing/route_set.rb:46:in `controller'
actionpack (5.2.2) lib/action_dispatch/routing/route_set.rb:32:in `serve'
actionpack (5.2.2) lib/action_dispatch/journey/router.rb:52:in `block in serve'
actionpack (5.2.2) lib/action_dispatch/journey/router.rb:35:in `each'
actionpack (5.2.2) lib/action_dispatch/journey/router.rb:35:in `serve'
actionpack (5.2.2) lib/action_dispatch/routing/route_set.rb:840:in `call'
rack (2.0.6) lib/rack/tempfile_reaper.rb:15:in `call'
rack (2.0.6) lib/rack/etag.rb:25:in `call'
rack (2.0.6) lib/rack/conditional_get.rb:25:in `call'
rack (2.0.6) lib/rack/head.rb:12:in `call'
actionpack (5.2.2) lib/action_dispatch/http/content_security_policy.rb:18:in `call'
rack (2.0.6) lib/rack/session/abstract/id.rb:232:in `context'
rack (2.0.6) lib/rack/session/abstract/id.rb:226:in `call'
actionpack (5.2.2) lib/action_dispatch/middleware/cookies.rb:670:in `call'
activerecord (5.2.2) lib/active_record/migration.rb:559:in `call'
actionpack (5.2.2) lib/action_dispatch/middleware/callbacks.rb:28:in `block in call'
activesupport (5.2.2) lib/active_support/callbacks.rb:98:in `run_callbacks'
actionpack (5.2.2) lib/action_dispatch/middleware/callbacks.rb:26:in `call'
actionpack (5.2.2) lib/action_dispatch/middleware/executor.rb:14:in `call'
actionpack (5.2.2) lib/action_dispatch/middleware/debug_exceptions.rb:61:in `call'
web-console (3.7.0) lib/web_console/middleware.rb:135:in `call_app'
web-console (3.7.0) lib/web_console/middleware.rb:30:in `block in call'
web-console (3.7.0) lib/web_console/middleware.rb:20:in `catch'
web-console (3.7.0) lib/web_console/middleware.rb:20:in `call'
actionpack (5.2.2) lib/action_dispatch/middleware/show_exceptions.rb:33:in `call'
railties (5.2.2) lib/rails/rack/logger.rb:38:in `call_app'
railties (5.2.2) lib/rails/rack/logger.rb:26:in `block in call'
activesupport (5.2.2) lib/active_support/tagged_logging.rb:71:in `block in tagged'
activesupport (5.2.2) lib/active_support/tagged_logging.rb:28:in `tagged'
activesupport (5.2.2) lib/active_support/tagged_logging.rb:71:in `tagged'
railties (5.2.2) lib/rails/rack/logger.rb:26:in `call'
sprockets-rails (3.2.1) lib/sprockets/rails/quiet_assets.rb:13:in `call'
actionpack (5.2.2) lib/action_dispatch/middleware/remote_ip.rb:81:in `call'
actionpack (5.2.2) lib/action_dispatch/middleware/request_id.rb:27:in `call'
rack (2.0.6) lib/rack/method_override.rb:22:in `call'
rack (2.0.6) lib/rack/runtime.rb:22:in `call'
activesupport (5.2.2) lib/active_support/cache/strategy/local_cache_middleware.rb:29:in `call'
actionpack (5.2.2) lib/action_dispatch/middleware/executor.rb:14:in `call'
actionpack (5.2.2) lib/action_dispatch/middleware/static.rb:127:in `call'
rack (2.0.6) lib/rack/sendfile.rb:111:in `call'
railties (5.2.2) lib/rails/engine.rb:524:in `call'
puma (3.12.0) lib/puma/configuration.rb:225:in `call'
puma (3.12.0) lib/puma/server.rb:658:in `handle_request'
puma (3.12.0) lib/puma/server.rb:472:in `process_client'
puma (3.12.0) lib/puma/server.rb:332:in `block in run'
puma (3.12.0) lib/puma/thread_pool.rb:133:in `block in spawn_thread'
Started GET "/users" for 127.0.0.1 at 2019-01-20 22:06:15 -0500
  
ActionController::RoutingError (No route matches [GET] "/users"):
  
actionpack (5.2.2) lib/action_dispatch/middleware/debug_exceptions.rb:65:in `call'
web-console (3.7.0) lib/web_console/middleware.rb:135:in `call_app'
web-console (3.7.0) lib/web_console/middleware.rb:30:in `block in call'
web-console (3.7.0) lib/web_console/middleware.rb:20:in `catch'
web-console (3.7.0) lib/web_console/middleware.rb:20:in `call'
actionpack (5.2.2) lib/action_dispatch/middleware/show_exceptions.rb:33:in `call'
railties (5.2.2) lib/rails/rack/logger.rb:38:in `call_app'
railties (5.2.2) lib/rails/rack/logger.rb:26:in `block in call'
activesupport (5.2.2) lib/active_support/tagged_logging.rb:71:in `block in tagged'
activesupport (5.2.2) lib/active_support/tagged_logging.rb:28:in `tagged'
activesupport (5.2.2) lib/active_support/tagged_logging.rb:71:in `tagged'
railties (5.2.2) lib/rails/rack/logger.rb:26:in `call'
sprockets-rails (3.2.1) lib/sprockets/rails/quiet_assets.rb:13:in `call'
actionpack (5.2.2) lib/action_dispatch/middleware/remote_ip.rb:81:in `call'
actionpack (5.2.2) lib/action_dispatch/middleware/request_id.rb:27:in `call'
rack (2.0.6) lib/rack/method_override.rb:22:in `call'
rack (2.0.6) lib/rack/runtime.rb:22:in `call'
activesupport (5.2.2) lib/active_support/cache/strategy/local_cache_middleware.rb:29:in `call'
actionpack (5.2.2) lib/action_dispatch/middleware/executor.rb:14:in `call'
actionpack (5.2.2) lib/action_dispatch/middleware/static.rb:127:in `call'
rack (2.0.6) lib/rack/sendfile.rb:111:in `call'
railties (5.2.2) lib/rails/engine.rb:524:in `call'
puma (3.12.0) lib/puma/configuration.rb:225:in `call'
puma (3.12.0) lib/puma/server.rb:658:in `handle_request'
puma (3.12.0) lib/puma/server.rb:472:in `process_client'
puma (3.12.0) lib/puma/server.rb:332:in `block in run'
puma (3.12.0) lib/puma/thread_pool.rb:133:in `block in spawn_thread'
Started GET "/players" for 127.0.0.1 at 2019-01-20 22:06:39 -0500
  
ActionController::RoutingError (uninitialized constant PlayersController):
  
bootsnap (1.3.2) lib/bootsnap/load_path_cache/core_ext/active_support.rb:74:in `block in load_missing_constant'
bootsnap (1.3.2) lib/bootsnap/load_path_cache/core_ext/active_support.rb:8:in `without_bootsnap_cache'
bootsnap (1.3.2) lib/bootsnap/load_path_cache/core_ext/active_support.rb:74:in `rescue in load_missing_constant'
bootsnap (1.3.2) lib/bootsnap/load_path_cache/core_ext/active_support.rb:56:in `load_missing_constant'
activesupport (5.2.2) lib/active_support/inflector/methods.rb:283:in `const_get'
activesupport (5.2.2) lib/active_support/inflector/methods.rb:283:in `block in constantize'
activesupport (5.2.2) lib/active_support/inflector/methods.rb:281:in `each'
activesupport (5.2.2) lib/active_support/inflector/methods.rb:281:in `inject'
activesupport (5.2.2) lib/active_support/inflector/methods.rb:281:in `constantize'
actionpack (5.2.2) lib/action_dispatch/http/request.rb:88:in `controller_class_for'
actionpack (5.2.2) lib/action_dispatch/http/request.rb:81:in `controller_class'
actionpack (5.2.2) lib/action_dispatch/routing/route_set.rb:46:in `controller'
actionpack (5.2.2) lib/action_dispatch/routing/route_set.rb:32:in `serve'
actionpack (5.2.2) lib/action_dispatch/journey/router.rb:52:in `block in serve'
actionpack (5.2.2) lib/action_dispatch/journey/router.rb:35:in `each'
actionpack (5.2.2) lib/action_dispatch/journey/router.rb:35:in `serve'
actionpack (5.2.2) lib/action_dispatch/routing/route_set.rb:840:in `call'
rack (2.0.6) lib/rack/tempfile_reaper.rb:15:in `call'
rack (2.0.6) lib/rack/etag.rb:25:in `call'
rack (2.0.6) lib/rack/conditional_get.rb:25:in `call'
rack (2.0.6) lib/rack/head.rb:12:in `call'
actionpack (5.2.2) lib/action_dispatch/http/content_security_policy.rb:18:in `call'
rack (2.0.6) lib/rack/session/abstract/id.rb:232:in `context'
rack (2.0.6) lib/rack/session/abstract/id.rb:226:in `call'
actionpack (5.2.2) lib/action_dispatch/middleware/cookies.rb:670:in `call'
activerecord (5.2.2) lib/active_record/migration.rb:559:in `call'
actionpack (5.2.2) lib/action_dispatch/middleware/callbacks.rb:28:in `block in call'
activesupport (5.2.2) lib/active_support/callbacks.rb:98:in `run_callbacks'
actionpack (5.2.2) lib/action_dispatch/middleware/callbacks.rb:26:in `call'
actionpack (5.2.2) lib/action_dispatch/middleware/executor.rb:14:in `call'
actionpack (5.2.2) lib/action_dispatch/middleware/debug_exceptions.rb:61:in `call'
web-console (3.7.0) lib/web_console/middleware.rb:135:in `call_app'
web-console (3.7.0) lib/web_console/middleware.rb:30:in `block in call'
web-console (3.7.0) lib/web_console/middleware.rb:20:in `catch'
web-console (3.7.0) lib/web_console/middleware.rb:20:in `call'
actionpack (5.2.2) lib/action_dispatch/middleware/show_exceptions.rb:33:in `call'
railties (5.2.2) lib/rails/rack/logger.rb:38:in `call_app'
railties (5.2.2) lib/rails/rack/logger.rb:26:in `block in call'
activesupport (5.2.2) lib/active_support/tagged_logging.rb:71:in `block in tagged'
activesupport (5.2.2) lib/active_support/tagged_logging.rb:28:in `tagged'
activesupport (5.2.2) lib/active_support/tagged_logging.rb:71:in `tagged'
railties (5.2.2) lib/rails/rack/logger.rb:26:in `call'
sprockets-rails (3.2.1) lib/sprockets/rails/quiet_assets.rb:13:in `call'
actionpack (5.2.2) lib/action_dispatch/middleware/remote_ip.rb:81:in `call'
actionpack (5.2.2) lib/action_dispatch/middleware/request_id.rb:27:in `call'
rack (2.0.6) lib/rack/method_override.rb:22:in `call'
rack (2.0.6) lib/rack/runtime.rb:22:in `call'
activesupport (5.2.2) lib/active_support/cache/strategy/local_cache_middleware.rb:29:in `call'
actionpack (5.2.2) lib/action_dispatch/middleware/executor.rb:14:in `call'
actionpack (5.2.2) lib/action_dispatch/middleware/static.rb:127:in `call'
rack (2.0.6) lib/rack/sendfile.rb:111:in `call'
railties (5.2.2) lib/rails/engine.rb:524:in `call'
puma (3.12.0) lib/puma/configuration.rb:225:in `call'
puma (3.12.0) lib/puma/server.rb:658:in `handle_request'
puma (3.12.0) lib/puma/server.rb:472:in `process_client'
puma (3.12.0) lib/puma/server.rb:332:in `block in run'
puma (3.12.0) lib/puma/thread_pool.rb:133:in `block in spawn_thread'
Started GET "/teams" for 127.0.0.1 at 2019-01-20 22:06:50 -0500
Processing by TeamsController#index as HTML
  Rendering teams/index.html.erb within layouts/application
  [1m[36mTeam Load (0.5ms)[0m  [1m[34mSELECT "teams".* FROM "teams"[0m
  ↳ app/views/teams/index.html.erb:3
  Rendered teams/index.html.erb within layouts/application (2.5ms)
Completed 200 OK in 768ms (Views: 668.3ms | ActiveRecord: 1.5ms)


Started GET "/teams/1/edit" for 127.0.0.1 at 2019-01-20 22:06:55 -0500
Processing by TeamsController#edit as HTML
  Parameters: {"id"=>"1"}
  [1m[36mTeam Load (0.2ms)[0m  [1m[34mSELECT  "teams".* FROM "teams" WHERE "teams"."id" = $1 LIMIT $2[0m  [["id", 1], ["LIMIT", 1]]
  ↳ app/controllers/teams_controller.rb:48
Completed 404 Not Found in 5ms (ActiveRecord: 2.7ms)


  
ActiveRecord::RecordNotFound (Couldn't find Team with 'id'=1):
  
app/controllers/teams_controller.rb:48:in `find_team'
app/controllers/teams_controller.rb:25:in `edit'
Started GET "/teams/new" for 127.0.0.1 at 2019-01-20 22:07:01 -0500
Processing by TeamsController#new as HTML
  Rendering teams/new.html.erb within layouts/application
  Rendered teams/new.html.erb within layouts/application (324.6ms)
Completed 200 OK in 357ms (Views: 351.0ms | ActiveRecord: 0.0ms)


Started POST "/teams" for 127.0.0.1 at 2019-01-20 22:07:09 -0500
Processing by TeamsController#create as HTML
  Parameters: {"utf8"=>"✓", "authenticity_token"=>"tOY+idfsAYhYtrkOk9sCCewDVjC4emJkmjy2Bcp7n2KXqL3AOlc+/nO5gJu9ByclqHZL1SKDvSBUW2pRU77SQw==", "team"=>{"hometown"=>"harlem", "name"=>"globetrotters"}, "commit"=>"Create Team"}
  [1m[35m (0.2ms)[0m  [1m[35mBEGIN[0m
  ↳ app/controllers/teams_controller.rb:7
  [1m[36mTeam Exists (0.4ms)[0m  [1m[34mSELECT  1 AS one FROM "teams" WHERE "teams"."name" = $1 LIMIT $2[0m  [["name", "globetrotters"], ["LIMIT", 1]]
  ↳ app/controllers/teams_controller.rb:7
  [1m[36mTeam Exists (0.2ms)[0m  [1m[34mSELECT  1 AS one FROM "teams" WHERE "teams"."hometown" = $1 LIMIT $2[0m  [["hometown", "harlem"], ["LIMIT", 1]]
  ↳ app/controllers/teams_controller.rb:7
  [1m[36mTeam Create (0.6ms)[0m  [1m[32mINSERT INTO "teams" ("name", "hometown", "created_at", "updated_at") VALUES ($1, $2, $3, $4) RETURNING "id"[0m  [["name", "globetrotters"], ["hometown", "harlem"], ["created_at", "2019-01-21 03:07:09.982396"], ["updated_at", "2019-01-21 03:07:09.982396"]]
  ↳ app/controllers/teams_controller.rb:7
  [1m[35m (0.6ms)[0m  [1m[35mCOMMIT[0m
  ↳ app/controllers/teams_controller.rb:7
  [1m[36mTeam Exists (0.2ms)[0m  [1m[34mSELECT  1 AS one FROM "teams" WHERE "teams"."name" = $1 AND "teams"."id" != $2 LIMIT $3[0m  [["name", "globetrotters"], ["id", 1], ["LIMIT", 1]]
  ↳ app/controllers/teams_controller.rb:8
  [1m[36mTeam Exists (0.2ms)[0m  [1m[34mSELECT  1 AS one FROM "teams" WHERE "teams"."hometown" = $1 AND "teams"."id" != $2 LIMIT $3[0m  [["hometown", "harlem"], ["id", 1], ["LIMIT", 1]]
  ↳ app/controllers/teams_controller.rb:8
Redirected to http://localhost:3000/teams/1
Completed 302 Found in 8ms (ActiveRecord: 2.4ms)


Started GET "/teams/1" for 127.0.0.1 at 2019-01-20 22:07:09 -0500
Processing by TeamsController#show as HTML
  Parameters: {"id"=>"1"}
  [1m[36mTeam Load (0.2ms)[0m  [1m[34mSELECT  "teams".* FROM "teams" WHERE "teams"."id" = $1 LIMIT $2[0m  [["id", 1], ["LIMIT", 1]]
  ↳ app/controllers/teams_controller.rb:48
  Rendering teams/show.html.erb within layouts/application
  [1m[36mPlayer Load (1.0ms)[0m  [1m[34mSELECT "players".* FROM "players" INNER JOIN "drafts" ON "players"."id" = "drafts"."player_id" WHERE "drafts"."team_id" = $1[0m  [["team_id", 1]]
  ↳ app/views/teams/show.html.erb:3
  Rendered teams/show.html.erb within layouts/application (606.6ms)
Completed 200 OK in 670ms (Views: 618.8ms | ActiveRecord: 4.7ms)


Started GET "/teams" for 127.0.0.1 at 2019-01-20 22:07:17 -0500
Processing by TeamsController#index as HTML
  Rendering teams/index.html.erb within layouts/application
  [1m[36mTeam Load (0.3ms)[0m  [1m[34mSELECT "teams".* FROM "teams"[0m
  ↳ app/views/teams/index.html.erb:3
  Rendered teams/index.html.erb within layouts/application (1.4ms)
Completed 200 OK in 19ms (Views: 16.4ms | ActiveRecord: 0.3ms)


Started GET "/teams/1" for 127.0.0.1 at 2019-01-20 22:07:18 -0500
Processing by TeamsController#show as HTML
  Parameters: {"id"=>"1"}
  [1m[36mTeam Load (0.8ms)[0m  [1m[34mSELECT  "teams".* FROM "teams" WHERE "teams"."id" = $1 LIMIT $2[0m  [["id", 1], ["LIMIT", 1]]
  ↳ app/controllers/teams_controller.rb:48
  Rendering teams/show.html.erb within layouts/application
  [1m[36mPlayer Load (5.3ms)[0m  [1m[34mSELECT "players".* FROM "players" INNER JOIN "drafts" ON "players"."id" = "drafts"."player_id" WHERE "drafts"."team_id" = $1[0m  [["team_id", 1]]
  ↳ app/views/teams/show.html.erb:3
  Rendered teams/show.html.erb within layouts/application (7.2ms)
Completed 200 OK in 32ms (Views: 21.5ms | ActiveRecord: 6.0ms)


Started GET "/teams/1/edit" for 127.0.0.1 at 2019-01-20 22:07:27 -0500
Processing by TeamsController#edit as HTML
  Parameters: {"id"=>"1"}
  [1m[36mTeam Load (0.2ms)[0m  [1m[34mSELECT  "teams".* FROM "teams" WHERE "teams"."id" = $1 LIMIT $2[0m  [["id", 1], ["LIMIT", 1]]
  ↳ app/controllers/teams_controller.rb:48
  Rendering teams/edit.html.erb within layouts/application
  Rendered teams/edit.html.erb within layouts/application (1.8ms)
Completed 200 OK in 21ms (Views: 17.4ms | ActiveRecord: 0.2ms)


Started PATCH "/teams/1" for 127.0.0.1 at 2019-01-20 22:07:28 -0500
Processing by TeamsController#update as HTML
  Parameters: {"utf8"=>"✓", "authenticity_token"=>"8oGpb2t8B3kWm1G+7bhA9vVrQ/OO3siHshbILcxDWNXRzyomhsc4Dz2UaCvDZGXasR5eFhQnF8N8cRR5VYYV9A==", "team"=>{"hometown"=>"harlem", "name"=>"globetrotters"}, "commit"=>"Update Team", "id"=>"1"}
  [1m[36mTeam Load (0.2ms)[0m  [1m[34mSELECT  "teams".* FROM "teams" WHERE "teams"."id" = $1 LIMIT $2[0m  [["id", 1], ["LIMIT", 1]]
  ↳ app/controllers/teams_controller.rb:48
  [1m[35m (0.2ms)[0m  [1m[35mBEGIN[0m
  ↳ app/controllers/teams_controller.rb:30
  [1m[36mTeam Exists (0.2ms)[0m  [1m[34mSELECT  1 AS one FROM "teams" WHERE "teams"."name" = $1 AND "teams"."id" != $2 LIMIT $3[0m  [["name", "globetrotters"], ["id", 1], ["LIMIT", 1]]
  ↳ app/controllers/teams_controller.rb:30
  [1m[36mTeam Exists (0.2ms)[0m  [1m[34mSELECT  1 AS one FROM "teams" WHERE "teams"."hometown" = $1 AND "teams"."id" != $2 LIMIT $3[0m  [["hometown", "harlem"], ["id", 1], ["LIMIT", 1]]
  ↳ app/controllers/teams_controller.rb:30
  [1m[35m (0.1ms)[0m  [1m[35mCOMMIT[0m
  ↳ app/controllers/teams_controller.rb:30
  [1m[36mCACHE Team Exists (0.0ms)[0m  [1m[34mSELECT  1 AS one FROM "teams" WHERE "teams"."name" = $1 AND "teams"."id" != $2 LIMIT $3[0m  [["name", "globetrotters"], ["id", 1], ["LIMIT", 1]]
  ↳ app/controllers/teams_controller.rb:31
  [1m[36mCACHE Team Exists (0.0ms)[0m  [1m[34mSELECT  1 AS one FROM "teams" WHERE "teams"."hometown" = $1 AND "teams"."id" != $2 LIMIT $3[0m  [["hometown", "harlem"], ["id", 1], ["LIMIT", 1]]
  ↳ app/controllers/teams_controller.rb:31
Redirected to http://localhost:3000/teams/1
Completed 302 Found in 6ms (ActiveRecord: 0.9ms)


Started GET "/teams/1" for 127.0.0.1 at 2019-01-20 22:07:28 -0500
Processing by TeamsController#show as HTML
  Parameters: {"id"=>"1"}
  [1m[36mTeam Load (0.2ms)[0m  [1m[34mSELECT  "teams".* FROM "teams" WHERE "teams"."id" = $1 LIMIT $2[0m  [["id", 1], ["LIMIT", 1]]
  ↳ app/controllers/teams_controller.rb:48
  Rendering teams/show.html.erb within layouts/application
  [1m[36mPlayer Load (0.3ms)[0m  [1m[34mSELECT "players".* FROM "players" INNER JOIN "drafts" ON "players"."id" = "drafts"."player_id" WHERE "drafts"."team_id" = $1[0m  [["team_id", 1]]
  ↳ app/views/teams/show.html.erb:3
  Rendered teams/show.html.erb within layouts/application (1.7ms)
Completed 200 OK in 20ms (Views: 17.2ms | ActiveRecord: 0.5ms)


Started GET "/teams/1/delete" for 127.0.0.1 at 2019-01-20 22:07:45 -0500
  
ActionController::RoutingError (No route matches [GET] "/teams/1/delete"):
  
actionpack (5.2.2) lib/action_dispatch/middleware/debug_exceptions.rb:65:in `call'
web-console (3.7.0) lib/web_console/middleware.rb:135:in `call_app'
web-console (3.7.0) lib/web_console/middleware.rb:30:in `block in call'
web-console (3.7.0) lib/web_console/middleware.rb:20:in `catch'
web-console (3.7.0) lib/web_console/middleware.rb:20:in `call'
actionpack (5.2.2) lib/action_dispatch/middleware/show_exceptions.rb:33:in `call'
railties (5.2.2) lib/rails/rack/logger.rb:38:in `call_app'
railties (5.2.2) lib/rails/rack/logger.rb:26:in `block in call'
activesupport (5.2.2) lib/active_support/tagged_logging.rb:71:in `block in tagged'
activesupport (5.2.2) lib/active_support/tagged_logging.rb:28:in `tagged'
activesupport (5.2.2) lib/active_support/tagged_logging.rb:71:in `tagged'
railties (5.2.2) lib/rails/rack/logger.rb:26:in `call'
sprockets-rails (3.2.1) lib/sprockets/rails/quiet_assets.rb:13:in `call'
actionpack (5.2.2) lib/action_dispatch/middleware/remote_ip.rb:81:in `call'
actionpack (5.2.2) lib/action_dispatch/middleware/request_id.rb:27:in `call'
rack (2.0.6) lib/rack/method_override.rb:22:in `call'
rack (2.0.6) lib/rack/runtime.rb:22:in `call'
activesupport (5.2.2) lib/active_support/cache/strategy/local_cache_middleware.rb:29:in `call'
actionpack (5.2.2) lib/action_dispatch/middleware/executor.rb:14:in `call'
actionpack (5.2.2) lib/action_dispatch/middleware/static.rb:127:in `call'
rack (2.0.6) lib/rack/sendfile.rb:111:in `call'
railties (5.2.2) lib/rails/engine.rb:524:in `call'
puma (3.12.0) lib/puma/configuration.rb:225:in `call'
puma (3.12.0) lib/puma/server.rb:658:in `handle_request'
puma (3.12.0) lib/puma/server.rb:472:in `process_client'
puma (3.12.0) lib/puma/server.rb:332:in `block in run'
puma (3.12.0) lib/puma/thread_pool.rb:133:in `block in spawn_thread'
Started GET "/teams" for 127.0.0.1 at 2019-01-20 22:07:55 -0500
Processing by TeamsController#index as HTML
  Rendering teams/index.html.erb within layouts/application
  [1m[36mTeam Load (0.2ms)[0m  [1m[34mSELECT "teams".* FROM "teams"[0m
  ↳ app/views/teams/index.html.erb:3
  Rendered teams/index.html.erb within layouts/application (1.2ms)
Completed 200 OK in 20ms (Views: 17.0ms | ActiveRecord: 0.2ms)


Started GET "/players" for 127.0.0.1 at 2019-01-20 22:23:11 -0500
  
ActionController::RoutingError (uninitialized constant ApplicationContoller):
  
app/controllers/players_controller.rb:1:in `<main>'
Started GET "/players" for 127.0.0.1 at 2019-01-20 22:23:29 -0500
  [1m[35m (0.5ms)[0m  [1m[34mSELECT "schema_migrations"."version" FROM "schema_migrations" ORDER BY "schema_migrations"."version" ASC[0m
  ↳ /Users/milespucarelli/.rvm/gems/ruby-2.5.3/gems/activerecord-5.2.2/lib/active_record/log_subscriber.rb:98
  
ActionController::RoutingError (uninitialized constant ApplicationContoller):
  
app/controllers/players_controller.rb:1:in `<main>'
Started GET "/players" for 127.0.0.1 at 2019-01-20 22:24:59 -0500
  [1m[35m (0.5ms)[0m  [1m[34mSELECT "schema_migrations"."version" FROM "schema_migrations" ORDER BY "schema_migrations"."version" ASC[0m
  ↳ /Users/milespucarelli/.rvm/gems/ruby-2.5.3/gems/activerecord-5.2.2/lib/active_record/log_subscriber.rb:98
  
ActionController::RoutingError (uninitialized constant ApplicationContoller):
  
app/controllers/players_controller.rb:1:in `<main>'
Started GET "/players" for 127.0.0.1 at 2019-01-20 22:26:19 -0500
  
ActionController::RoutingError (uninitialized constant ApplicationContoller):
  
app/controllers/players_controller.rb:1:in `<main>'
Started GET "/players" for 127.0.0.1 at 2019-01-20 22:26:59 -0500
Processing by PlayersController#index as HTML
  Rendering players/index.html.erb within layouts/application
  [1m[36mPlayer Load (0.4ms)[0m  [1m[34mSELECT "players".* FROM "players"[0m
  ↳ app/views/players/index.html.erb:3
  Rendered players/index.html.erb within layouts/application (2.5ms)
Completed 200 OK in 164ms (Views: 157.2ms | ActiveRecord: 1.5ms)


Started GET "/players/1" for 127.0.0.1 at 2019-01-20 22:27:08 -0500
Processing by PlayersController#show as HTML
  Parameters: {"id"=>"1"}
  [1m[36mPlayer Load (0.3ms)[0m  [1m[34mSELECT  "players".* FROM "players" WHERE "players"."id" = $1 LIMIT $2[0m  [["id", 1], ["LIMIT", 1]]
  ↳ app/controllers/players_controller.rb:7
Completed 404 Not Found in 6ms (ActiveRecord: 3.0ms)


  
ActiveRecord::RecordNotFound (Couldn't find Player with 'id'=1):
  
app/controllers/players_controller.rb:7:in `show'
Started GET "/players" for 127.0.0.1 at 2019-01-20 22:42:01 -0500
  [1m[35m (1.4ms)[0m  [1m[34mSELECT "schema_migrations"."version" FROM "schema_migrations" ORDER BY "schema_migrations"."version" ASC[0m
  ↳ /Users/milespucarelli/.rvm/gems/ruby-2.5.3/gems/activerecord-5.2.2/lib/active_record/log_subscriber.rb:98
Processing by PlayersController#index as HTML
  Rendering players/index.html.erb within layouts/application
  [1m[36mPlayer Load (0.8ms)[0m  [1m[34mSELECT "players".* FROM "players"[0m
  ↳ app/views/players/index.html.erb:3
  Rendered players/index.html.erb within layouts/application (5.6ms)
Completed 200 OK in 628ms (Views: 590.5ms | ActiveRecord: 2.7ms)


Started GET "/users" for 127.0.0.1 at 2019-01-20 22:42:08 -0500
  
ActionController::RoutingError (No route matches [GET] "/users"):
  
actionpack (5.2.2) lib/action_dispatch/middleware/debug_exceptions.rb:65:in `call'
web-console (3.7.0) lib/web_console/middleware.rb:135:in `call_app'
web-console (3.7.0) lib/web_console/middleware.rb:30:in `block in call'
web-console (3.7.0) lib/web_console/middleware.rb:20:in `catch'
web-console (3.7.0) lib/web_console/middleware.rb:20:in `call'
actionpack (5.2.2) lib/action_dispatch/middleware/show_exceptions.rb:33:in `call'
railties (5.2.2) lib/rails/rack/logger.rb:38:in `call_app'
railties (5.2.2) lib/rails/rack/logger.rb:26:in `block in call'
activesupport (5.2.2) lib/active_support/tagged_logging.rb:71:in `block in tagged'
activesupport (5.2.2) lib/active_support/tagged_logging.rb:28:in `tagged'
activesupport (5.2.2) lib/active_support/tagged_logging.rb:71:in `tagged'
railties (5.2.2) lib/rails/rack/logger.rb:26:in `call'
sprockets-rails (3.2.1) lib/sprockets/rails/quiet_assets.rb:13:in `call'
actionpack (5.2.2) lib/action_dispatch/middleware/remote_ip.rb:81:in `call'
actionpack (5.2.2) lib/action_dispatch/middleware/request_id.rb:27:in `call'
rack (2.0.6) lib/rack/method_override.rb:22:in `call'
rack (2.0.6) lib/rack/runtime.rb:22:in `call'
activesupport (5.2.2) lib/active_support/cache/strategy/local_cache_middleware.rb:29:in `call'
actionpack (5.2.2) lib/action_dispatch/middleware/executor.rb:14:in `call'
actionpack (5.2.2) lib/action_dispatch/middleware/static.rb:127:in `call'
rack (2.0.6) lib/rack/sendfile.rb:111:in `call'
railties (5.2.2) lib/rails/engine.rb:524:in `call'
puma (3.12.0) lib/puma/configuration.rb:225:in `call'
puma (3.12.0) lib/puma/server.rb:658:in `handle_request'
puma (3.12.0) lib/puma/server.rb:472:in `process_client'
puma (3.12.0) lib/puma/server.rb:332:in `block in run'
puma (3.12.0) lib/puma/thread_pool.rb:133:in `block in spawn_thread'
Started GET "/users" for 127.0.0.1 at 2019-01-20 22:42:21 -0500
  
ActionController::RoutingError (No route matches [GET] "/users"):
  
actionpack (5.2.2) lib/action_dispatch/middleware/debug_exceptions.rb:65:in `call'
web-console (3.7.0) lib/web_console/middleware.rb:135:in `call_app'
web-console (3.7.0) lib/web_console/middleware.rb:30:in `block in call'
web-console (3.7.0) lib/web_console/middleware.rb:20:in `catch'
web-console (3.7.0) lib/web_console/middleware.rb:20:in `call'
actionpack (5.2.2) lib/action_dispatch/middleware/show_exceptions.rb:33:in `call'
railties (5.2.2) lib/rails/rack/logger.rb:38:in `call_app'
railties (5.2.2) lib/rails/rack/logger.rb:26:in `block in call'
activesupport (5.2.2) lib/active_support/tagged_logging.rb:71:in `block in tagged'
activesupport (5.2.2) lib/active_support/tagged_logging.rb:28:in `tagged'
activesupport (5.2.2) lib/active_support/tagged_logging.rb:71:in `tagged'
railties (5.2.2) lib/rails/rack/logger.rb:26:in `call'
sprockets-rails (3.2.1) lib/sprockets/rails/quiet_assets.rb:13:in `call'
actionpack (5.2.2) lib/action_dispatch/middleware/remote_ip.rb:81:in `call'
actionpack (5.2.2) lib/action_dispatch/middleware/request_id.rb:27:in `call'
rack (2.0.6) lib/rack/method_override.rb:22:in `call'
rack (2.0.6) lib/rack/runtime.rb:22:in `call'
activesupport (5.2.2) lib/active_support/cache/strategy/local_cache_middleware.rb:29:in `call'
actionpack (5.2.2) lib/action_dispatch/middleware/executor.rb:14:in `call'
actionpack (5.2.2) lib/action_dispatch/middleware/static.rb:127:in `call'
rack (2.0.6) lib/rack/sendfile.rb:111:in `call'
railties (5.2.2) lib/rails/engine.rb:524:in `call'
puma (3.12.0) lib/puma/configuration.rb:225:in `call'
puma (3.12.0) lib/puma/server.rb:658:in `handle_request'
puma (3.12.0) lib/puma/server.rb:472:in `process_client'
puma (3.12.0) lib/puma/server.rb:332:in `block in run'
puma (3.12.0) lib/puma/thread_pool.rb:133:in `block in spawn_thread'
Started GET "/users" for 127.0.0.1 at 2019-01-20 22:44:17 -0500
  [1m[35m (0.8ms)[0m  [1m[34mSELECT "schema_migrations"."version" FROM "schema_migrations" ORDER BY "schema_migrations"."version" ASC[0m
  ↳ /Users/milespucarelli/.rvm/gems/ruby-2.5.3/gems/activerecord-5.2.2/lib/active_record/log_subscriber.rb:98
  
ActionController::RoutingError (No route matches [GET] "/users"):
  
actionpack (5.2.2) lib/action_dispatch/middleware/debug_exceptions.rb:65:in `call'
web-console (3.7.0) lib/web_console/middleware.rb:135:in `call_app'
web-console (3.7.0) lib/web_console/middleware.rb:30:in `block in call'
web-console (3.7.0) lib/web_console/middleware.rb:20:in `catch'
web-console (3.7.0) lib/web_console/middleware.rb:20:in `call'
actionpack (5.2.2) lib/action_dispatch/middleware/show_exceptions.rb:33:in `call'
railties (5.2.2) lib/rails/rack/logger.rb:38:in `call_app'
railties (5.2.2) lib/rails/rack/logger.rb:26:in `block in call'
activesupport (5.2.2) lib/active_support/tagged_logging.rb:71:in `block in tagged'
activesupport (5.2.2) lib/active_support/tagged_logging.rb:28:in `tagged'
activesupport (5.2.2) lib/active_support/tagged_logging.rb:71:in `tagged'
railties (5.2.2) lib/rails/rack/logger.rb:26:in `call'
sprockets-rails (3.2.1) lib/sprockets/rails/quiet_assets.rb:13:in `call'
actionpack (5.2.2) lib/action_dispatch/middleware/remote_ip.rb:81:in `call'
actionpack (5.2.2) lib/action_dispatch/middleware/request_id.rb:27:in `call'
rack (2.0.6) lib/rack/method_override.rb:22:in `call'
rack (2.0.6) lib/rack/runtime.rb:22:in `call'
activesupport (5.2.2) lib/active_support/cache/strategy/local_cache_middleware.rb:29:in `call'
actionpack (5.2.2) lib/action_dispatch/middleware/executor.rb:14:in `call'
actionpack (5.2.2) lib/action_dispatch/middleware/static.rb:127:in `call'
rack (2.0.6) lib/rack/sendfile.rb:111:in `call'
railties (5.2.2) lib/rails/engine.rb:524:in `call'
puma (3.12.0) lib/puma/configuration.rb:225:in `call'
puma (3.12.0) lib/puma/server.rb:658:in `handle_request'
puma (3.12.0) lib/puma/server.rb:472:in `process_client'
puma (3.12.0) lib/puma/server.rb:332:in `block in run'
puma (3.12.0) lib/puma/thread_pool.rb:133:in `block in spawn_thread'
Started GET "/teams" for 127.0.0.1 at 2019-01-20 22:45:58 -0500
Processing by TeamsController#index as HTML
  Rendering teams/index.html.erb within layouts/application
  [1m[36mTeam Load (0.7ms)[0m  [1m[34mSELECT "teams".* FROM "teams"[0m
  ↳ app/views/teams/index.html.erb:3
  Rendered teams/index.html.erb within layouts/application (11.6ms)
Completed 200 OK in 202ms (Views: 185.9ms | ActiveRecord: 3.9ms)


Started GET "/teams/1" for 127.0.0.1 at 2019-01-20 22:46:00 -0500
Processing by TeamsController#show as HTML
  Parameters: {"id"=>"1"}
  [1m[36mTeam Load (0.3ms)[0m  [1m[34mSELECT  "teams".* FROM "teams" WHERE "teams"."id" = $1 LIMIT $2[0m  [["id", 1], ["LIMIT", 1]]
  ↳ app/controllers/teams_controller.rb:48
  Rendering teams/show.html.erb within layouts/application
  [1m[36mPlayer Load (0.5ms)[0m  [1m[34mSELECT "players".* FROM "players" INNER JOIN "drafts" ON "players"."id" = "drafts"."player_id" WHERE "drafts"."team_id" = $1[0m  [["team_id", 1]]
  ↳ app/views/teams/show.html.erb:3
  Rendered teams/show.html.erb within layouts/application (26.4ms)
Completed 200 OK in 54ms (Views: 40.2ms | ActiveRecord: 4.8ms)


Started GET "/teams/1/edit" for 127.0.0.1 at 2019-01-20 22:46:05 -0500
Processing by TeamsController#edit as HTML
  Parameters: {"id"=>"1"}
  [1m[36mTeam Load (0.2ms)[0m  [1m[34mSELECT  "teams".* FROM "teams" WHERE "teams"."id" = $1 LIMIT $2[0m  [["id", 1], ["LIMIT", 1]]
  ↳ app/controllers/teams_controller.rb:48
  Rendering teams/edit.html.erb within layouts/application
  Rendered teams/edit.html.erb within layouts/application (44.8ms)
Completed 200 OK in 63ms (Views: 59.7ms | ActiveRecord: 0.2ms)


Started PATCH "/teams/1" for 127.0.0.1 at 2019-01-20 22:46:12 -0500
Processing by TeamsController#update as HTML
  Parameters: {"utf8"=>"✓", "authenticity_token"=>"rJ4aDRUfnEOsiLIxKi6BxahfaEy3D8hsxLjf0p+eyLKP0JlE+KSjNYeHi6QE8qTp7Cp1qS32FygK3wOGBluFkw==", "team"=>{"hometown"=>"harlem", "name"=>""}, "commit"=>"Update Team", "id"=>"1"}
  [1m[36mTeam Load (0.2ms)[0m  [1m[34mSELECT  "teams".* FROM "teams" WHERE "teams"."id" = $1 LIMIT $2[0m  [["id", 1], ["LIMIT", 1]]
  ↳ app/controllers/teams_controller.rb:48
  [1m[35m (0.1ms)[0m  [1m[35mBEGIN[0m
  ↳ app/controllers/teams_controller.rb:30
  [1m[36mTeam Exists (0.5ms)[0m  [1m[34mSELECT  1 AS one FROM "teams" WHERE "teams"."name" = $1 AND "teams"."id" != $2 LIMIT $3[0m  [["name", ""], ["id", 1], ["LIMIT", 1]]
  ↳ app/controllers/teams_controller.rb:30
  [1m[36mTeam Exists (0.2ms)[0m  [1m[34mSELECT  1 AS one FROM "teams" WHERE "teams"."hometown" = $1 AND "teams"."id" != $2 LIMIT $3[0m  [["hometown", "harlem"], ["id", 1], ["LIMIT", 1]]
  ↳ app/controllers/teams_controller.rb:30
  [1m[35m (0.1ms)[0m  [1m[31mROLLBACK[0m
  ↳ app/controllers/teams_controller.rb:30
  [1m[36mTeam Exists (0.2ms)[0m  [1m[34mSELECT  1 AS one FROM "teams" WHERE "teams"."name" = $1 AND "teams"."id" != $2 LIMIT $3[0m  [["name", ""], ["id", 1], ["LIMIT", 1]]
  ↳ app/controllers/teams_controller.rb:31
  [1m[36mTeam Exists (0.2ms)[0m  [1m[34mSELECT  1 AS one FROM "teams" WHERE "teams"."hometown" = $1 AND "teams"."id" != $2 LIMIT $3[0m  [["hometown", "harlem"], ["id", 1], ["LIMIT", 1]]
  ↳ app/controllers/teams_controller.rb:31
  Rendering teams/edit.html.erb within layouts/application
  Rendered teams/edit.html.erb within layouts/application (1.4ms)
Completed 200 OK in 23ms (Views: 15.5ms | ActiveRecord: 1.6ms)


Started PATCH "/teams/1" for 127.0.0.1 at 2019-01-20 22:46:17 -0500
Processing by TeamsController#update as HTML
  Parameters: {"utf8"=>"✓", "authenticity_token"=>"F7iOD7fyGJxHfNzJ0r71Ex2ucKfjZhlP2i5Q1SceFIY09g1GWkkn6mxz5Vz8YtA/WdttQnmfxgsUSYyBvttZpw==", "team"=>{"hometown"=>"harlem", "name"=>"globetrotters"}, "commit"=>"Update Team", "id"=>"1"}
  [1m[36mTeam Load (0.3ms)[0m  [1m[34mSELECT  "teams".* FROM "teams" WHERE "teams"."id" = $1 LIMIT $2[0m  [["id", 1], ["LIMIT", 1]]
  ↳ app/controllers/teams_controller.rb:48
  [1m[35m (0.1ms)[0m  [1m[35mBEGIN[0m
  ↳ app/controllers/teams_controller.rb:30
  [1m[36mTeam Exists (0.2ms)[0m  [1m[34mSELECT  1 AS one FROM "teams" WHERE "teams"."name" = $1 AND "teams"."id" != $2 LIMIT $3[0m  [["name", "globetrotters"], ["id", 1], ["LIMIT", 1]]
  ↳ app/controllers/teams_controller.rb:30
  [1m[36mTeam Exists (0.2ms)[0m  [1m[34mSELECT  1 AS one FROM "teams" WHERE "teams"."hometown" = $1 AND "teams"."id" != $2 LIMIT $3[0m  [["hometown", "harlem"], ["id", 1], ["LIMIT", 1]]
  ↳ app/controllers/teams_controller.rb:30
  [1m[35m (0.1ms)[0m  [1m[35mCOMMIT[0m
  ↳ app/controllers/teams_controller.rb:30
  [1m[36mCACHE Team Exists (0.0ms)[0m  [1m[34mSELECT  1 AS one FROM "teams" WHERE "teams"."name" = $1 AND "teams"."id" != $2 LIMIT $3[0m  [["name", "globetrotters"], ["id", 1], ["LIMIT", 1]]
  ↳ app/controllers/teams_controller.rb:31
  [1m[36mCACHE Team Exists (0.0ms)[0m  [1m[34mSELECT  1 AS one FROM "teams" WHERE "teams"."hometown" = $1 AND "teams"."id" != $2 LIMIT $3[0m  [["hometown", "harlem"], ["id", 1], ["LIMIT", 1]]
  ↳ app/controllers/teams_controller.rb:31
Redirected to http://localhost:3000/teams/1
Completed 302 Found in 6ms (ActiveRecord: 0.9ms)


Started GET "/teams/1" for 127.0.0.1 at 2019-01-20 22:46:17 -0500
Processing by TeamsController#show as HTML
  Parameters: {"id"=>"1"}
  [1m[36mTeam Load (0.2ms)[0m  [1m[34mSELECT  "teams".* FROM "teams" WHERE "teams"."id" = $1 LIMIT $2[0m  [["id", 1], ["LIMIT", 1]]
  ↳ app/controllers/teams_controller.rb:48
  Rendering teams/show.html.erb within layouts/application
  [1m[36mPlayer Load (0.3ms)[0m  [1m[34mSELECT "players".* FROM "players" INNER JOIN "drafts" ON "players"."id" = "drafts"."player_id" WHERE "drafts"."team_id" = $1[0m  [["team_id", 1]]
  ↳ app/views/teams/show.html.erb:3
  Rendered teams/show.html.erb within layouts/application (1.5ms)
Completed 200 OK in 19ms (Views: 16.0ms | ActiveRecord: 0.5ms)


Started GET "/teams/new" for 127.0.0.1 at 2019-01-20 22:46:28 -0500
Processing by TeamsController#new as HTML
  Rendering teams/new.html.erb within layouts/application
  Rendered teams/new.html.erb within layouts/application (1.5ms)
Completed 200 OK in 30ms (Views: 26.9ms | ActiveRecord: 0.0ms)


Started POST "/teams" for 127.0.0.1 at 2019-01-20 22:46:45 -0500
Processing by TeamsController#create as HTML
  Parameters: {"utf8"=>"✓", "authenticity_token"=>"LjGG0rsoByD8j086hvZQFEE95LJfKWU3fCyr3smPQpwNfwWbVpM4VteAdq+oKnU4BUj5V8XQunOyS3eKUEoPvQ==", "team"=>{"hometown"=>"Waukesha", "name"=>"Yankees"}, "commit"=>"Create Team"}
  [1m[35m (0.1ms)[0m  [1m[35mBEGIN[0m
  ↳ app/controllers/teams_controller.rb:7
  [1m[36mTeam Exists (0.2ms)[0m  [1m[34mSELECT  1 AS one FROM "teams" WHERE "teams"."name" = $1 LIMIT $2[0m  [["name", "Yankees"], ["LIMIT", 1]]
  ↳ app/controllers/teams_controller.rb:7
  [1m[36mTeam Exists (0.2ms)[0m  [1m[34mSELECT  1 AS one FROM "teams" WHERE "teams"."hometown" = $1 LIMIT $2[0m  [["hometown", "Waukesha"], ["LIMIT", 1]]
  ↳ app/controllers/teams_controller.rb:7
  [1m[36mTeam Create (0.4ms)[0m  [1m[32mINSERT INTO "teams" ("name", "hometown", "created_at", "updated_at") VALUES ($1, $2, $3, $4) RETURNING "id"[0m  [["name", "Yankees"], ["hometown", "Waukesha"], ["created_at", "2019-01-21 03:46:45.384096"], ["updated_at", "2019-01-21 03:46:45.384096"]]
  ↳ app/controllers/teams_controller.rb:7
  [1m[35m (40.2ms)[0m  [1m[35mCOMMIT[0m
  ↳ app/controllers/teams_controller.rb:7
  [1m[36mTeam Exists (0.5ms)[0m  [1m[34mSELECT  1 AS one FROM "teams" WHERE "teams"."name" = $1 AND "teams"."id" != $2 LIMIT $3[0m  [["name", "Yankees"], ["id", 2], ["LIMIT", 1]]
  ↳ app/controllers/teams_controller.rb:8
  [1m[36mTeam Exists (0.4ms)[0m  [1m[34mSELECT  1 AS one FROM "teams" WHERE "teams"."hometown" = $1 AND "teams"."id" != $2 LIMIT $3[0m  [["hometown", "Waukesha"], ["id", 2], ["LIMIT", 1]]
  ↳ app/controllers/teams_controller.rb:8
Redirected to http://localhost:3000/teams/2
Completed 302 Found in 49ms (ActiveRecord: 42.0ms)


Started GET "/teams/2" for 127.0.0.1 at 2019-01-20 22:46:45 -0500
Processing by TeamsController#show as HTML
  Parameters: {"id"=>"2"}
  [1m[36mTeam Load (0.3ms)[0m  [1m[34mSELECT  "teams".* FROM "teams" WHERE "teams"."id" = $1 LIMIT $2[0m  [["id", 2], ["LIMIT", 1]]
  ↳ app/controllers/teams_controller.rb:48
  Rendering teams/show.html.erb within layouts/application
  [1m[36mPlayer Load (0.3ms)[0m  [1m[34mSELECT "players".* FROM "players" INNER JOIN "drafts" ON "players"."id" = "drafts"."player_id" WHERE "drafts"."team_id" = $1[0m  [["team_id", 2]]
  ↳ app/views/teams/show.html.erb:3
  Rendered teams/show.html.erb within layouts/application (1.3ms)
Completed 200 OK in 18ms (Views: 14.7ms | ActiveRecord: 0.5ms)


